{
  "0 debug pnpm:scope": {
    "selected": 1
  },
  "1 info pnpm": {
    "err": {
      "name": "Error",
      "message": "not found: intall",
      "code": "ENOENT",
      "stack": "Error: not found: intall\n    at getNotFoundError (/home/rodrigo/.nvm/versions/node/v16.15.0/lib/node_modules/pnpm/dist/pnpm.cjs:41670:51)\n    at Function.whichSync [as sync] (/home/rodrigo/.nvm/versions/node/v16.15.0/lib/node_modules/pnpm/dist/pnpm.cjs:41747:13)\n    at getCommandAbsolutePathSync (/home/rodrigo/.nvm/versions/node/v16.15.0/lib/node_modules/pnpm/dist/pnpm.cjs:43312:44)\n    at default_1 (/home/rodrigo/.nvm/versions/node/v16.15.0/lib/node_modules/pnpm/dist/pnpm.cjs:43321:32)\n    at /home/rodrigo/.nvm/versions/node/v16.15.0/lib/node_modules/pnpm/dist/pnpm.cjs:172142:39"
    }
  },
  "2 error pnpm": {
    "code": "ERR_PNPM_RECURSIVE_EXEC_FIRST_FAIL",
    "prefix": "/home/rodrigo/Documentos/projetos/app-task-svelte",
    "err": {
      "name": "pnpm",
      "message": "not found: intall",
      "code": "ERR_PNPM_RECURSIVE_EXEC_FIRST_FAIL",
      "stack": "Error: not found: intall\n    at getNotFoundError (/home/rodrigo/.nvm/versions/node/v16.15.0/lib/node_modules/pnpm/dist/pnpm.cjs:41670:51)\n    at Function.whichSync [as sync] (/home/rodrigo/.nvm/versions/node/v16.15.0/lib/node_modules/pnpm/dist/pnpm.cjs:41747:13)\n    at getCommandAbsolutePathSync (/home/rodrigo/.nvm/versions/node/v16.15.0/lib/node_modules/pnpm/dist/pnpm.cjs:43312:44)\n    at default_1 (/home/rodrigo/.nvm/versions/node/v16.15.0/lib/node_modules/pnpm/dist/pnpm.cjs:43321:32)\n    at /home/rodrigo/.nvm/versions/node/v16.15.0/lib/node_modules/pnpm/dist/pnpm.cjs:172142:39"
    }
  }
}